<?xml version="1.0" encoding="UTF-8"?>
<!-- Generated by org.testng.reporters.JUnitReportReporter -->
<testsuite hostname="mhussen-PC" failures="0" tests="3" name="com.bankrate.CalculatePayoffMonthsTest" time="38.255" errors="0" timestamp="2021-01-16T16:29:11 EST" skipped="0">
  <testcase classname="com.bankrate.CalculatePayoffMonthsTest" name="positivecalcualteNumMonthsTest" time="12.754"/>
  <system-out/>
  <testcase classname="com.bankrate.CalculatePayoffMonthsTest" name="veryLargeBalanceTest" time="11.906"/>
  <system-out/>
  <testcase classname="com.bankrate.CalculatePayoffMonthsTest" name="zeroBalanceTest" time="13.595"/>
  <system-out/>
</testsuite> <!-- com.bankrate.CalculatePayoffMonthsTest -->
